2020-04-11 19:34:42.086  INFO 2704 --- [restartedMain] c.c.c.community.CommunityApplication     : Starting CommunityApplication on YU7P0HNF6UQVM7X with PID 2704 (D:\ideaProject\community\target\classes started by Administrator in D:\ideaProject\community)
2020-04-11 19:34:42.087  INFO 2704 --- [restartedMain] c.c.c.community.CommunityApplication     : No active profile set, falling back to default profiles: default
2020-04-11 19:34:42.564  INFO 2704 --- [restartedMain] o.s.b.w.embedded.tomcat.TomcatWebServer  : Tomcat initialized with port(s): 8887 (http)
2020-04-11 19:34:42.568  INFO 2704 --- [restartedMain] o.apache.catalina.core.StandardService   : Starting service [Tomcat]
2020-04-11 19:34:42.568  INFO 2704 --- [restartedMain] org.apache.catalina.core.StandardEngine  : Starting Servlet engine: [Apache Tomcat/9.0.31]
2020-04-11 19:34:42.593  INFO 2704 --- [restartedMain] o.a.c.c.C.[Tomcat].[localhost].[/]       : Initializing Spring embedded WebApplicationContext
2020-04-11 19:34:42.593  INFO 2704 --- [restartedMain] o.s.web.context.ContextLoader            : Root WebApplicationContext: initialization completed in 503 ms
2020-04-11 19:34:42.615  INFO 2704 --- [restartedMain] com.zaxxer.hikari.HikariDataSource       : HikariPool-10 - Starting...
2020-04-11 19:34:42.635  INFO 2704 --- [restartedMain] com.zaxxer.hikari.HikariDataSource       : HikariPool-10 - Start completed.
2020-04-11 19:34:42.636  INFO 2704 --- [restartedMain] o.s.b.a.h2.H2ConsoleAutoConfiguration    : H2 console available at '/h2-console'. Database available at 'jdbc:h2:~/community'
2020-04-11 19:34:43.181  INFO 2704 --- [restartedMain] o.s.s.concurrent.ThreadPoolTaskExecutor  : Initializing ExecutorService 'applicationTaskExecutor'
2020-04-11 19:34:43.216  INFO 2704 --- [restartedMain] o.s.b.a.w.s.WelcomePageHandlerMapping    : Adding welcome page template: index
2020-04-11 19:34:43.492  INFO 2704 --- [restartedMain] o.s.b.d.a.OptionalLiveReloadServer       : LiveReload server is running on port 35729
2020-04-11 19:34:43.513  INFO 2704 --- [restartedMain] o.s.b.w.embedded.tomcat.TomcatWebServer  : Tomcat started on port(s): 8887 (http) with context path ''
2020-04-11 19:34:43.514  INFO 2704 --- [restartedMain] c.c.c.community.CommunityApplication     : Started CommunityApplication in 1.543 seconds (JVM running for 3696.148)
2020-04-11 19:34:43.515  INFO 2704 --- [restartedMain] .ConditionEvaluationDeltaLoggingListener : Condition evaluation unchanged
2020-04-11 19:35:10.342  INFO 2704 --- [Thread-56] o.s.s.concurrent.ThreadPoolTaskExecutor  : Shutting down ExecutorService 'applicationTaskExecutor'
2020-04-11 19:35:10.344  INFO 2704 --- [Thread-56] com.zaxxer.hikari.HikariDataSource       : HikariPool-10 - Shutdown initiated...
2020-04-11 19:35:10.604  INFO 2704 --- [Thread-56] com.zaxxer.hikari.HikariDataSource       : HikariPool-10 - Shutdown completed.
2020-04-11 19:35:11.890  INFO 2704 --- [restartedMain] c.c.c.community.CommunityApplication     : Starting CommunityApplication on YU7P0HNF6UQVM7X with PID 2704 (D:\ideaProject\community\target\classes started by Administrator in D:\ideaProject\community)
2020-04-11 19:35:11.890  INFO 2704 --- [restartedMain] c.c.c.community.CommunityApplication     : No active profile set, falling back to default profiles: default
2020-04-11 19:35:12.318  INFO 2704 --- [restartedMain] o.s.b.w.embedded.tomcat.TomcatWebServer  : Tomcat initialized with port(s): 8887 (http)
2020-04-11 19:35:12.320  INFO 2704 --- [restartedMain] o.apache.catalina.core.StandardService   : Starting service [Tomcat]
2020-04-11 19:35:12.321  INFO 2704 --- [restartedMain] org.apache.catalina.core.StandardEngine  : Starting Servlet engine: [Apache Tomcat/9.0.31]
2020-04-11 19:35:12.347  INFO 2704 --- [restartedMain] o.a.c.c.C.[Tomcat].[localhost].[/]       : Initializing Spring embedded WebApplicationContext
2020-04-11 19:35:12.348  INFO 2704 --- [restartedMain] o.s.web.context.ContextLoader            : Root WebApplicationContext: initialization completed in 455 ms
2020-04-11 19:35:12.379  INFO 2704 --- [restartedMain] com.zaxxer.hikari.HikariDataSource       : HikariPool-11 - Starting...
2020-04-11 19:35:12.395  INFO 2704 --- [restartedMain] com.zaxxer.hikari.HikariDataSource       : HikariPool-11 - Start completed.
2020-04-11 19:35:12.396  INFO 2704 --- [restartedMain] o.s.b.a.h2.H2ConsoleAutoConfiguration    : H2 console available at '/h2-console'. Database available at 'jdbc:h2:~/community'
2020-04-11 19:35:12.594  INFO 2704 --- [restartedMain] o.s.s.concurrent.ThreadPoolTaskExecutor  : Initializing ExecutorService 'applicationTaskExecutor'
2020-04-11 19:35:12.612  INFO 2704 --- [restartedMain] o.s.b.a.w.s.WelcomePageHandlerMapping    : Adding welcome page template: index
2020-04-11 19:35:12.750  INFO 2704 --- [restartedMain] o.s.b.d.a.OptionalLiveReloadServer       : LiveReload server is running on port 35729
2020-04-11 19:35:12.770  INFO 2704 --- [restartedMain] o.s.b.w.embedded.tomcat.TomcatWebServer  : Tomcat started on port(s): 8887 (http) with context path ''
2020-04-11 19:35:12.771  INFO 2704 --- [restartedMain] c.c.c.community.CommunityApplication     : Started CommunityApplication in 1.281 seconds (JVM running for 3725.405)
2020-04-11 19:35:12.772  INFO 2704 --- [restartedMain] .ConditionEvaluationDeltaLoggingListener : Condition evaluation unchanged
2020-04-11 19:36:29.156  INFO 2704 --- [Thread-61] o.s.s.concurrent.ThreadPoolTaskExecutor  : Shutting down ExecutorService 'applicationTaskExecutor'
2020-04-11 19:36:29.157  INFO 2704 --- [Thread-61] com.zaxxer.hikari.HikariDataSource       : HikariPool-11 - Shutdown initiated...
2020-04-11 19:36:29.699  INFO 2704 --- [Thread-61] com.zaxxer.hikari.HikariDataSource       : HikariPool-11 - Shutdown completed.
2020-04-11 19:37:08.167  INFO 2704 --- [restartedMain] c.c.c.community.CommunityApplication     : Starting CommunityApplication on YU7P0HNF6UQVM7X with PID 2704 (D:\ideaProject\community\target\classes started by Administrator in D:\ideaProject\community)
2020-04-11 19:37:08.167  INFO 2704 --- [restartedMain] c.c.c.community.CommunityApplication     : No active profile set, falling back to default profiles: default
2020-04-11 19:37:09.119  INFO 2704 --- [restartedMain] o.s.b.w.embedded.tomcat.TomcatWebServer  : Tomcat initialized with port(s): 8887 (http)
2020-04-11 19:37:09.120  INFO 2704 --- [restartedMain] o.apache.catalina.core.StandardService   : Starting service [Tomcat]
2020-04-11 19:37:09.120  INFO 2704 --- [restartedMain] org.apache.catalina.core.StandardEngine  : Starting Servlet engine: [Apache Tomcat/9.0.31]
2020-04-11 19:37:09.142  INFO 2704 --- [restartedMain] o.a.c.c.C.[Tomcat].[localhost].[/]       : Initializing Spring embedded WebApplicationContext
2020-04-11 19:37:09.142  INFO 2704 --- [restartedMain] o.s.web.context.ContextLoader            : Root WebApplicationContext: initialization completed in 961 ms
2020-04-11 19:37:09.180  INFO 2704 --- [restartedMain] com.zaxxer.hikari.HikariDataSource       : HikariPool-12 - Starting...
2020-04-11 19:37:09.217  INFO 2704 --- [restartedMain] com.zaxxer.hikari.HikariDataSource       : HikariPool-12 - Start completed.
2020-04-11 19:37:09.217  INFO 2704 --- [restartedMain] o.s.b.a.h2.H2ConsoleAutoConfiguration    : H2 console available at '/h2-console'. Database available at 'jdbc:h2:~/community'
2020-04-11 19:37:10.030  INFO 2704 --- [restartedMain] o.s.s.concurrent.ThreadPoolTaskExecutor  : Initializing ExecutorService 'applicationTaskExecutor'
2020-04-11 19:37:10.074  INFO 2704 --- [restartedMain] o.s.b.a.w.s.WelcomePageHandlerMapping    : Adding welcome page template: index
2020-04-11 19:37:10.598  INFO 2704 --- [restartedMain] o.s.b.d.a.OptionalLiveReloadServer       : LiveReload server is running on port 35729
2020-04-11 19:37:10.686  INFO 2704 --- [restartedMain] o.s.b.w.embedded.tomcat.TomcatWebServer  : Tomcat started on port(s): 8887 (http) with context path ''
2020-04-11 19:37:10.687  INFO 2704 --- [restartedMain] c.c.c.community.CommunityApplication     : Started CommunityApplication in 2.598 seconds (JVM running for 3843.321)
2020-04-11 19:37:10.690  INFO 2704 --- [restartedMain] .ConditionEvaluationDeltaLoggingListener : Condition evaluation unchanged
2020-04-11 19:39:53.901  INFO 2704 --- [Thread-66] o.s.s.concurrent.ThreadPoolTaskExecutor  : Shutting down ExecutorService 'applicationTaskExecutor'
2020-04-11 19:39:53.902  INFO 2704 --- [Thread-66] com.zaxxer.hikari.HikariDataSource       : HikariPool-12 - Shutdown initiated...
2020-04-11 19:39:54.691  INFO 2704 --- [Thread-66] com.zaxxer.hikari.HikariDataSource       : HikariPool-12 - Shutdown completed.
2020-04-11 19:39:55.036  INFO 2704 --- [restartedMain] c.c.c.community.CommunityApplication     : Starting CommunityApplication on YU7P0HNF6UQVM7X with PID 2704 (D:\ideaProject\community\target\classes started by Administrator in D:\ideaProject\community)
2020-04-11 19:39:55.037  INFO 2704 --- [restartedMain] c.c.c.community.CommunityApplication     : No active profile set, falling back to default profiles: default
2020-04-11 19:39:55.465  INFO 2704 --- [restartedMain] o.s.b.w.embedded.tomcat.TomcatWebServer  : Tomcat initialized with port(s): 8887 (http)
2020-04-11 19:39:55.466  INFO 2704 --- [restartedMain] o.apache.catalina.core.StandardService   : Starting service [Tomcat]
2020-04-11 19:39:55.466  INFO 2704 --- [restartedMain] org.apache.catalina.core.StandardEngine  : Starting Servlet engine: [Apache Tomcat/9.0.31]
2020-04-11 19:39:55.493  INFO 2704 --- [restartedMain] o.a.c.c.C.[Tomcat].[localhost].[/]       : Initializing Spring embedded WebApplicationContext
2020-04-11 19:39:55.493  INFO 2704 --- [restartedMain] o.s.web.context.ContextLoader            : Root WebApplicationContext: initialization completed in 453 ms
2020-04-11 19:39:55.515  INFO 2704 --- [restartedMain] com.zaxxer.hikari.HikariDataSource       : HikariPool-13 - Starting...
2020-04-11 19:39:55.526  INFO 2704 --- [restartedMain] com.zaxxer.hikari.HikariDataSource       : HikariPool-13 - Start completed.
2020-04-11 19:39:55.528  INFO 2704 --- [restartedMain] o.s.b.a.h2.H2ConsoleAutoConfiguration    : H2 console available at '/h2-console'. Database available at 'jdbc:h2:~/community'
2020-04-11 19:39:55.734  INFO 2704 --- [restartedMain] o.s.s.concurrent.ThreadPoolTaskExecutor  : Initializing ExecutorService 'applicationTaskExecutor'
2020-04-11 19:39:55.779  INFO 2704 --- [restartedMain] o.s.b.a.w.s.WelcomePageHandlerMapping    : Adding welcome page template: index
2020-04-11 19:39:56.032  INFO 2704 --- [restartedMain] o.s.b.d.a.OptionalLiveReloadServer       : LiveReload server is running on port 35729
2020-04-11 19:39:56.054  INFO 2704 --- [restartedMain] o.s.b.w.embedded.tomcat.TomcatWebServer  : Tomcat started on port(s): 8887 (http) with context path ''
2020-04-11 19:39:56.055  INFO 2704 --- [restartedMain] c.c.c.community.CommunityApplication     : Started CommunityApplication in 1.066 seconds (JVM running for 4008.689)
2020-04-11 19:39:56.057  INFO 2704 --- [restartedMain] .ConditionEvaluationDeltaLoggingListener : Condition evaluation unchanged
2020-04-11 19:41:40.034  INFO 2024 --- [restartedMain] c.c.c.community.CommunityApplication     : Starting CommunityApplication on YU7P0HNF6UQVM7X with PID 2024 (D:\ideaProject\community\target\classes started by Administrator in D:\ideaProject\community)
2020-04-11 19:41:40.039  INFO 2024 --- [restartedMain] c.c.c.community.CommunityApplication     : No active profile set, falling back to default profiles: default
2020-04-11 19:41:40.227  INFO 2024 --- [restartedMain] .e.DevToolsPropertyDefaultsPostProcessor : Devtools property defaults active! Set 'spring.devtools.add-properties' to 'false' to disable
2020-04-11 19:41:40.227  INFO 2024 --- [restartedMain] .e.DevToolsPropertyDefaultsPostProcessor : For additional web related logging consider setting the 'logging.level.web' property to 'DEBUG'
2020-04-11 19:41:42.242  INFO 2024 --- [restartedMain] o.s.b.w.embedded.tomcat.TomcatWebServer  : Tomcat initialized with port(s): 8887 (http)
2020-04-11 19:41:42.260  INFO 2024 --- [restartedMain] o.apache.catalina.core.StandardService   : Starting service [Tomcat]
2020-04-11 19:41:42.260  INFO 2024 --- [restartedMain] org.apache.catalina.core.StandardEngine  : Starting Servlet engine: [Apache Tomcat/9.0.31]
2020-04-11 19:41:42.377  INFO 2024 --- [restartedMain] o.a.c.c.C.[Tomcat].[localhost].[/]       : Initializing Spring embedded WebApplicationContext
2020-04-11 19:41:42.378  INFO 2024 --- [restartedMain] o.s.web.context.ContextLoader            : Root WebApplicationContext: initialization completed in 2151 ms
2020-04-11 19:41:42.439  INFO 2024 --- [restartedMain] com.zaxxer.hikari.HikariDataSource       : HikariPool-1 - Starting...
2020-04-11 19:41:42.650  INFO 2024 --- [restartedMain] com.zaxxer.hikari.HikariDataSource       : HikariPool-1 - Start completed.
2020-04-11 19:41:42.658  INFO 2024 --- [restartedMain] o.s.b.a.h2.H2ConsoleAutoConfiguration    : H2 console available at '/h2-console'. Database available at 'jdbc:h2:~/community'
2020-04-11 19:41:43.537  INFO 2024 --- [restartedMain] o.s.s.concurrent.ThreadPoolTaskExecutor  : Initializing ExecutorService 'applicationTaskExecutor'
2020-04-11 19:41:43.635  INFO 2024 --- [restartedMain] o.s.b.a.w.s.WelcomePageHandlerMapping    : Adding welcome page template: index
2020-04-11 19:41:43.977  INFO 2024 --- [restartedMain] o.s.b.d.a.OptionalLiveReloadServer       : LiveReload server is running on port 35729
2020-04-11 19:41:44.053  INFO 2024 --- [restartedMain] o.s.b.w.embedded.tomcat.TomcatWebServer  : Tomcat started on port(s): 8887 (http) with context path ''
2020-04-11 19:41:44.057  INFO 2024 --- [restartedMain] c.c.c.community.CommunityApplication     : Started CommunityApplication in 5.32 seconds (JVM running for 7.234)
2020-04-11 19:43:10.298  INFO 2024 --- [http-nio-8887-exec-1] o.a.c.c.C.[Tomcat].[localhost].[/]       : Initializing Spring DispatcherServlet 'dispatcherServlet'
2020-04-11 19:43:10.301  INFO 2024 --- [http-nio-8887-exec-1] o.s.web.servlet.DispatcherServlet        : Initializing Servlet 'dispatcherServlet'
2020-04-11 19:43:10.313  INFO 2024 --- [http-nio-8887-exec-1] o.s.web.servlet.DispatcherServlet        : Completed initialization in 12 ms
2020-04-11 19:43:10.421 DEBUG 2024 --- [http-nio-8887-exec-1] c.c.c.c.m.UserMapper.selectByExample     : ==>  Preparing: select ID, ACCOUNT_ID, NAME, TOKEN, GMT_CREATE, GMT_MODIFIED, BIO, AVATAR_URL from USER WHERE ( TOKEN = ? ) 
2020-04-11 19:43:10.458 DEBUG 2024 --- [http-nio-8887-exec-1] c.c.c.c.m.UserMapper.selectByExample     : ==> Parameters: c8c1093a-b0d3-43ce-9a53-aedb2e0206ba(String)
2020-04-11 19:43:10.483 DEBUG 2024 --- [http-nio-8887-exec-1] c.c.c.c.m.UserMapper.selectByExample     : <==      Total: 1
2020-04-11 19:43:10.499 DEBUG 2024 --- [http-nio-8887-exec-1] c.c.c.c.m.N.countByExample               : ==>  Preparing: select count(*) from NOTIFICATION WHERE ( RECEIVER = ? and STATUS = ? ) 
2020-04-11 19:43:10.501 DEBUG 2024 --- [http-nio-8887-exec-1] c.c.c.c.m.N.countByExample               : ==> Parameters: 1(Long), 0(Integer)
2020-04-11 19:43:10.578 DEBUG 2024 --- [http-nio-8887-exec-1] c.c.c.c.m.N.countByExample               : <==      Total: 1
2020-04-11 19:43:10.618 DEBUG 2024 --- [http-nio-8887-exec-1] c.c.c.c.m.Q.countBySearch                : ==>  Preparing: select count(*) from QUESTION 
2020-04-11 19:43:10.621 DEBUG 2024 --- [http-nio-8887-exec-1] c.c.c.c.m.Q.countBySearch                : ==> Parameters: 
2020-04-11 19:43:10.621 DEBUG 2024 --- [http-nio-8887-exec-1] c.c.c.c.m.Q.countBySearch                : <==      Total: 1
2020-04-11 19:43:10.623 DEBUG 2024 --- [http-nio-8887-exec-1] c.c.c.c.m.Q.selectBySearch               : ==>  Preparing: select * from QUESTION order by gmt_create desc limit ? , ? 
2020-04-11 19:43:10.626 DEBUG 2024 --- [http-nio-8887-exec-1] c.c.c.c.m.Q.selectBySearch               : ==> Parameters: 0(Integer), 5(Integer)
2020-04-11 19:43:10.641 DEBUG 2024 --- [http-nio-8887-exec-1] c.c.c.c.m.Q.selectBySearch               : <==      Total: 5
2020-04-11 19:43:10.643 DEBUG 2024 --- [http-nio-8887-exec-1] c.c.c.c.m.UserMapper.selectByPrimaryKey  : ==>  Preparing: select ID, ACCOUNT_ID, NAME, TOKEN, GMT_CREATE, GMT_MODIFIED, BIO, AVATAR_URL from USER where ID = ? 
2020-04-11 19:43:10.646 DEBUG 2024 --- [http-nio-8887-exec-1] c.c.c.c.m.UserMapper.selectByPrimaryKey  : ==> Parameters: 1(Long)
2020-04-11 19:43:10.648 DEBUG 2024 --- [http-nio-8887-exec-1] c.c.c.c.m.UserMapper.selectByPrimaryKey  : <==      Total: 1
2020-04-11 19:43:10.665 DEBUG 2024 --- [http-nio-8887-exec-1] c.c.c.c.m.UserMapper.selectByPrimaryKey  : ==>  Preparing: select ID, ACCOUNT_ID, NAME, TOKEN, GMT_CREATE, GMT_MODIFIED, BIO, AVATAR_URL from USER where ID = ? 
2020-04-11 19:43:10.667 DEBUG 2024 --- [http-nio-8887-exec-1] c.c.c.c.m.UserMapper.selectByPrimaryKey  : ==> Parameters: 1(Long)
2020-04-11 19:43:10.672 DEBUG 2024 --- [http-nio-8887-exec-1] c.c.c.c.m.UserMapper.selectByPrimaryKey  : <==      Total: 1
2020-04-11 19:43:10.673 DEBUG 2024 --- [http-nio-8887-exec-1] c.c.c.c.m.UserMapper.selectByPrimaryKey  : ==>  Preparing: select ID, ACCOUNT_ID, NAME, TOKEN, GMT_CREATE, GMT_MODIFIED, BIO, AVATAR_URL from USER where ID = ? 
2020-04-11 19:43:10.674 DEBUG 2024 --- [http-nio-8887-exec-1] c.c.c.c.m.UserMapper.selectByPrimaryKey  : ==> Parameters: 1(Long)
2020-04-11 19:43:10.676 DEBUG 2024 --- [http-nio-8887-exec-1] c.c.c.c.m.UserMapper.selectByPrimaryKey  : <==      Total: 1
2020-04-11 19:43:10.677 DEBUG 2024 --- [http-nio-8887-exec-1] c.c.c.c.m.UserMapper.selectByPrimaryKey  : ==>  Preparing: select ID, ACCOUNT_ID, NAME, TOKEN, GMT_CREATE, GMT_MODIFIED, BIO, AVATAR_URL from USER where ID = ? 
2020-04-11 19:43:10.678 DEBUG 2024 --- [http-nio-8887-exec-1] c.c.c.c.m.UserMapper.selectByPrimaryKey  : ==> Parameters: 1(Long)
2020-04-11 19:43:10.680 DEBUG 2024 --- [http-nio-8887-exec-1] c.c.c.c.m.UserMapper.selectByPrimaryKey  : <==      Total: 1
2020-04-11 19:43:10.681 DEBUG 2024 --- [http-nio-8887-exec-1] c.c.c.c.m.UserMapper.selectByPrimaryKey  : ==>  Preparing: select ID, ACCOUNT_ID, NAME, TOKEN, GMT_CREATE, GMT_MODIFIED, BIO, AVATAR_URL from USER where ID = ? 
2020-04-11 19:43:10.682 DEBUG 2024 --- [http-nio-8887-exec-1] c.c.c.c.m.UserMapper.selectByPrimaryKey  : ==> Parameters: 1(Long)
2020-04-11 19:43:10.683 DEBUG 2024 --- [http-nio-8887-exec-1] c.c.c.c.m.UserMapper.selectByPrimaryKey  : <==      Total: 1
2020-04-11 19:43:11.731 DEBUG 2024 --- [http-nio-8887-exec-3] c.c.c.c.m.UserMapper.selectByExample     : ==>  Preparing: select ID, ACCOUNT_ID, NAME, TOKEN, GMT_CREATE, GMT_MODIFIED, BIO, AVATAR_URL from USER WHERE ( TOKEN = ? ) 
2020-04-11 19:43:11.732 DEBUG 2024 --- [http-nio-8887-exec-3] c.c.c.c.m.UserMapper.selectByExample     : ==> Parameters: c8c1093a-b0d3-43ce-9a53-aedb2e0206ba(String)
2020-04-11 19:43:11.735 DEBUG 2024 --- [http-nio-8887-exec-3] c.c.c.c.m.UserMapper.selectByExample     : <==      Total: 1
2020-04-11 19:43:11.739 DEBUG 2024 --- [http-nio-8887-exec-3] c.c.c.c.m.N.countByExample               : ==>  Preparing: select count(*) from NOTIFICATION WHERE ( RECEIVER = ? and STATUS = ? ) 
2020-04-11 19:43:11.741 DEBUG 2024 --- [http-nio-8887-exec-3] c.c.c.c.m.N.countByExample               : ==> Parameters: 1(Long), 0(Integer)
2020-04-11 19:43:11.743 DEBUG 2024 --- [http-nio-8887-exec-3] c.c.c.c.m.N.countByExample               : <==      Total: 1
2020-04-11 19:43:11.755 DEBUG 2024 --- [http-nio-8887-exec-4] c.c.c.c.m.UserMapper.selectByExample     : ==>  Preparing: select ID, ACCOUNT_ID, NAME, TOKEN, GMT_CREATE, GMT_MODIFIED, BIO, AVATAR_URL from USER WHERE ( TOKEN = ? ) 
2020-04-11 19:43:11.755 DEBUG 2024 --- [http-nio-8887-exec-4] c.c.c.c.m.UserMapper.selectByExample     : ==> Parameters: c8c1093a-b0d3-43ce-9a53-aedb2e0206ba(String)
2020-04-11 19:43:11.756 DEBUG 2024 --- [http-nio-8887-exec-4] c.c.c.c.m.UserMapper.selectByExample     : <==      Total: 1
2020-04-11 19:43:11.760 DEBUG 2024 --- [http-nio-8887-exec-4] c.c.c.c.m.N.countByExample               : ==>  Preparing: select count(*) from NOTIFICATION WHERE ( RECEIVER = ? and STATUS = ? ) 
2020-04-11 19:43:11.761 DEBUG 2024 --- [http-nio-8887-exec-4] c.c.c.c.m.N.countByExample               : ==> Parameters: 1(Long), 0(Integer)
2020-04-11 19:43:11.762 DEBUG 2024 --- [http-nio-8887-exec-4] c.c.c.c.m.N.countByExample               : <==      Total: 1
2020-04-11 19:43:11.765 DEBUG 2024 --- [http-nio-8887-exec-2] c.c.c.c.m.UserMapper.selectByExample     : ==>  Preparing: select ID, ACCOUNT_ID, NAME, TOKEN, GMT_CREATE, GMT_MODIFIED, BIO, AVATAR_URL from USER WHERE ( TOKEN = ? ) 
2020-04-11 19:43:11.765 DEBUG 2024 --- [http-nio-8887-exec-2] c.c.c.c.m.UserMapper.selectByExample     : ==> Parameters: c8c1093a-b0d3-43ce-9a53-aedb2e0206ba(String)
2020-04-11 19:43:11.766 DEBUG 2024 --- [http-nio-8887-exec-2] c.c.c.c.m.UserMapper.selectByExample     : <==      Total: 1
2020-04-11 19:43:11.767 DEBUG 2024 --- [http-nio-8887-exec-2] c.c.c.c.m.N.countByExample               : ==>  Preparing: select count(*) from NOTIFICATION WHERE ( RECEIVER = ? and STATUS = ? ) 
2020-04-11 19:43:11.769 DEBUG 2024 --- [http-nio-8887-exec-2] c.c.c.c.m.N.countByExample               : ==> Parameters: 1(Long), 0(Integer)
2020-04-11 19:43:11.770 DEBUG 2024 --- [http-nio-8887-exec-2] c.c.c.c.m.N.countByExample               : <==      Total: 1
2020-04-11 19:43:11.790 DEBUG 2024 --- [http-nio-8887-exec-1] c.c.c.c.m.UserMapper.selectByExample     : ==>  Preparing: select ID, ACCOUNT_ID, NAME, TOKEN, GMT_CREATE, GMT_MODIFIED, BIO, AVATAR_URL from USER WHERE ( TOKEN = ? ) 
2020-04-11 19:43:11.791 DEBUG 2024 --- [http-nio-8887-exec-1] c.c.c.c.m.UserMapper.selectByExample     : ==> Parameters: c8c1093a-b0d3-43ce-9a53-aedb2e0206ba(String)
2020-04-11 19:43:11.793 DEBUG 2024 --- [http-nio-8887-exec-1] c.c.c.c.m.UserMapper.selectByExample     : <==      Total: 1
2020-04-11 19:43:11.795 DEBUG 2024 --- [http-nio-8887-exec-1] c.c.c.c.m.N.countByExample               : ==>  Preparing: select count(*) from NOTIFICATION WHERE ( RECEIVER = ? and STATUS = ? ) 
2020-04-11 19:43:11.796 DEBUG 2024 --- [http-nio-8887-exec-1] c.c.c.c.m.N.countByExample               : ==> Parameters: 1(Long), 0(Integer)
2020-04-11 19:43:11.796 DEBUG 2024 --- [http-nio-8887-exec-1] c.c.c.c.m.N.countByExample               : <==      Total: 1
2020-04-11 19:43:11.815 DEBUG 2024 --- [http-nio-8887-exec-5] c.c.c.c.m.UserMapper.selectByExample     : ==>  Preparing: select ID, ACCOUNT_ID, NAME, TOKEN, GMT_CREATE, GMT_MODIFIED, BIO, AVATAR_URL from USER WHERE ( TOKEN = ? ) 
2020-04-11 19:43:11.815 DEBUG 2024 --- [http-nio-8887-exec-5] c.c.c.c.m.UserMapper.selectByExample     : ==> Parameters: c8c1093a-b0d3-43ce-9a53-aedb2e0206ba(String)
2020-04-11 19:43:11.816 DEBUG 2024 --- [http-nio-8887-exec-5] c.c.c.c.m.UserMapper.selectByExample     : <==      Total: 1
2020-04-11 19:43:11.822 DEBUG 2024 --- [http-nio-8887-exec-5] c.c.c.c.m.N.countByExample               : ==>  Preparing: select count(*) from NOTIFICATION WHERE ( RECEIVER = ? and STATUS = ? ) 
2020-04-11 19:43:11.823 DEBUG 2024 --- [http-nio-8887-exec-5] c.c.c.c.m.N.countByExample               : ==> Parameters: 1(Long), 0(Integer)
2020-04-11 19:43:11.824 DEBUG 2024 --- [http-nio-8887-exec-5] c.c.c.c.m.N.countByExample               : <==      Total: 1
2020-04-11 19:43:11.852 DEBUG 2024 --- [http-nio-8887-exec-3] c.c.c.c.m.UserMapper.selectByExample     : ==>  Preparing: select ID, ACCOUNT_ID, NAME, TOKEN, GMT_CREATE, GMT_MODIFIED, BIO, AVATAR_URL from USER WHERE ( TOKEN = ? ) 
2020-04-11 19:43:11.852 DEBUG 2024 --- [http-nio-8887-exec-3] c.c.c.c.m.UserMapper.selectByExample     : ==> Parameters: c8c1093a-b0d3-43ce-9a53-aedb2e0206ba(String)
2020-04-11 19:43:11.853 DEBUG 2024 --- [http-nio-8887-exec-3] c.c.c.c.m.UserMapper.selectByExample     : <==      Total: 1
2020-04-11 19:43:11.862 DEBUG 2024 --- [http-nio-8887-exec-3] c.c.c.c.m.N.countByExample               : ==>  Preparing: select count(*) from NOTIFICATION WHERE ( RECEIVER = ? and STATUS = ? ) 
2020-04-11 19:43:11.863 DEBUG 2024 --- [http-nio-8887-exec-3] c.c.c.c.m.N.countByExample               : ==> Parameters: 1(Long), 0(Integer)
2020-04-11 19:43:11.863 DEBUG 2024 --- [http-nio-8887-exec-3] c.c.c.c.m.N.countByExample               : <==      Total: 1
2020-04-11 19:43:12.248 DEBUG 2024 --- [http-nio-8887-exec-8] c.c.c.c.m.UserMapper.selectByExample     : ==>  Preparing: select ID, ACCOUNT_ID, NAME, TOKEN, GMT_CREATE, GMT_MODIFIED, BIO, AVATAR_URL from USER WHERE ( TOKEN = ? ) 
2020-04-11 19:43:12.250 DEBUG 2024 --- [http-nio-8887-exec-8] c.c.c.c.m.UserMapper.selectByExample     : ==> Parameters: c8c1093a-b0d3-43ce-9a53-aedb2e0206ba(String)
2020-04-11 19:43:12.251 DEBUG 2024 --- [http-nio-8887-exec-8] c.c.c.c.m.UserMapper.selectByExample     : <==      Total: 1
2020-04-11 19:43:12.253 DEBUG 2024 --- [http-nio-8887-exec-8] c.c.c.c.m.N.countByExample               : ==>  Preparing: select count(*) from NOTIFICATION WHERE ( RECEIVER = ? and STATUS = ? ) 
2020-04-11 19:43:12.253 DEBUG 2024 --- [http-nio-8887-exec-8] c.c.c.c.m.N.countByExample               : ==> Parameters: 1(Long), 0(Integer)
2020-04-11 19:43:12.253 DEBUG 2024 --- [http-nio-8887-exec-8] c.c.c.c.m.N.countByExample               : <==      Total: 1
2020-04-11 19:44:08.763 DEBUG 2024 --- [http-nio-8887-exec-9] c.c.c.c.m.UserMapper.selectByExample     : ==>  Preparing: select ID, ACCOUNT_ID, NAME, TOKEN, GMT_CREATE, GMT_MODIFIED, BIO, AVATAR_URL from USER WHERE ( TOKEN = ? ) 
2020-04-11 19:44:08.764 DEBUG 2024 --- [http-nio-8887-exec-9] c.c.c.c.m.UserMapper.selectByExample     : ==> Parameters: c8c1093a-b0d3-43ce-9a53-aedb2e0206ba(String)
2020-04-11 19:44:08.766 DEBUG 2024 --- [http-nio-8887-exec-9] c.c.c.c.m.UserMapper.selectByExample     : <==      Total: 1
2020-04-11 19:44:08.768 DEBUG 2024 --- [http-nio-8887-exec-9] c.c.c.c.m.N.countByExample               : ==>  Preparing: select count(*) from NOTIFICATION WHERE ( RECEIVER = ? and STATUS = ? ) 
2020-04-11 19:44:08.769 DEBUG 2024 --- [http-nio-8887-exec-9] c.c.c.c.m.N.countByExample               : ==> Parameters: 1(Long), 0(Integer)
2020-04-11 19:44:08.770 DEBUG 2024 --- [http-nio-8887-exec-9] c.c.c.c.m.N.countByExample               : <==      Total: 1
2020-04-11 19:44:08.784 DEBUG 2024 --- [http-nio-8887-exec-9] c.c.c.c.m.QuestionMapper.countByExample  : ==>  Preparing: select count(*) from QUESTION WHERE ( CREATOR = ? ) 
2020-04-11 19:44:08.785 DEBUG 2024 --- [http-nio-8887-exec-9] c.c.c.c.m.QuestionMapper.countByExample  : ==> Parameters: 1(Long)
2020-04-11 19:44:08.785 DEBUG 2024 --- [http-nio-8887-exec-9] c.c.c.c.m.QuestionMapper.countByExample  : <==      Total: 1
2020-04-11 19:44:08.787 DEBUG 2024 --- [http-nio-8887-exec-9] c.c.c.c.m.Q.selectByExampleWithRowbounds : ==>  Preparing: select ID, TITLE, GMT_CREATE, GMT_MODIFIED, CREATOR, COMMENT_COUNT, VIEW_COUNT, LIKE_COUNT, TAG from QUESTION WHERE ( CREATOR = ? ) 
2020-04-11 19:44:08.788 DEBUG 2024 --- [http-nio-8887-exec-9] c.c.c.c.m.Q.selectByExampleWithRowbounds : ==> Parameters: 1(Long)
2020-04-11 19:44:08.789 DEBUG 2024 --- [http-nio-8887-exec-9] c.c.c.c.m.UserMapper.selectByPrimaryKey  : ==>  Preparing: select ID, ACCOUNT_ID, NAME, TOKEN, GMT_CREATE, GMT_MODIFIED, BIO, AVATAR_URL from USER where ID = ? 
2020-04-11 19:44:08.790 DEBUG 2024 --- [http-nio-8887-exec-9] c.c.c.c.m.UserMapper.selectByPrimaryKey  : ==> Parameters: 1(Long)
2020-04-11 19:44:08.790 DEBUG 2024 --- [http-nio-8887-exec-9] c.c.c.c.m.UserMapper.selectByPrimaryKey  : <==      Total: 1
2020-04-11 19:44:08.793 DEBUG 2024 --- [http-nio-8887-exec-9] c.c.c.c.m.UserMapper.selectByPrimaryKey  : ==>  Preparing: select ID, ACCOUNT_ID, NAME, TOKEN, GMT_CREATE, GMT_MODIFIED, BIO, AVATAR_URL from USER where ID = ? 
2020-04-11 19:44:08.793 DEBUG 2024 --- [http-nio-8887-exec-9] c.c.c.c.m.UserMapper.selectByPrimaryKey  : ==> Parameters: 1(Long)
2020-04-11 19:44:08.796 DEBUG 2024 --- [http-nio-8887-exec-9] c.c.c.c.m.UserMapper.selectByPrimaryKey  : <==      Total: 1
2020-04-11 19:44:08.797 DEBUG 2024 --- [http-nio-8887-exec-9] c.c.c.c.m.UserMapper.selectByPrimaryKey  : ==>  Preparing: select ID, ACCOUNT_ID, NAME, TOKEN, GMT_CREATE, GMT_MODIFIED, BIO, AVATAR_URL from USER where ID = ? 
2020-04-11 19:44:08.797 DEBUG 2024 --- [http-nio-8887-exec-9] c.c.c.c.m.UserMapper.selectByPrimaryKey  : ==> Parameters: 1(Long)
2020-04-11 19:44:08.797 DEBUG 2024 --- [http-nio-8887-exec-9] c.c.c.c.m.UserMapper.selectByPrimaryKey  : <==      Total: 1
2020-04-11 19:44:08.799 DEBUG 2024 --- [http-nio-8887-exec-9] c.c.c.c.m.UserMapper.selectByPrimaryKey  : ==>  Preparing: select ID, ACCOUNT_ID, NAME, TOKEN, GMT_CREATE, GMT_MODIFIED, BIO, AVATAR_URL from USER where ID = ? 
2020-04-11 19:44:08.799 DEBUG 2024 --- [http-nio-8887-exec-9] c.c.c.c.m.UserMapper.selectByPrimaryKey  : ==> Parameters: 1(Long)
2020-04-11 19:44:08.799 DEBUG 2024 --- [http-nio-8887-exec-9] c.c.c.c.m.UserMapper.selectByPrimaryKey  : <==      Total: 1
2020-04-11 19:44:08.799 DEBUG 2024 --- [http-nio-8887-exec-9] c.c.c.c.m.UserMapper.selectByPrimaryKey  : ==>  Preparing: select ID, ACCOUNT_ID, NAME, TOKEN, GMT_CREATE, GMT_MODIFIED, BIO, AVATAR_URL from USER where ID = ? 
2020-04-11 19:44:08.799 DEBUG 2024 --- [http-nio-8887-exec-9] c.c.c.c.m.UserMapper.selectByPrimaryKey  : ==> Parameters: 1(Long)
2020-04-11 19:44:08.802 DEBUG 2024 --- [http-nio-8887-exec-9] c.c.c.c.m.UserMapper.selectByPrimaryKey  : <==      Total: 1
2020-04-11 19:44:08.883 DEBUG 2024 --- [http-nio-8887-exec-10] c.c.c.c.m.UserMapper.selectByExample     : ==>  Preparing: select ID, ACCOUNT_ID, NAME, TOKEN, GMT_CREATE, GMT_MODIFIED, BIO, AVATAR_URL from USER WHERE ( TOKEN = ? ) 
2020-04-11 19:44:08.883 DEBUG 2024 --- [http-nio-8887-exec-10] c.c.c.c.m.UserMapper.selectByExample     : ==> Parameters: c8c1093a-b0d3-43ce-9a53-aedb2e0206ba(String)
2020-04-11 19:44:08.884 DEBUG 2024 --- [http-nio-8887-exec-10] c.c.c.c.m.UserMapper.selectByExample     : <==      Total: 1
2020-04-11 19:44:08.886 DEBUG 2024 --- [http-nio-8887-exec-10] c.c.c.c.m.N.countByExample               : ==>  Preparing: select count(*) from NOTIFICATION WHERE ( RECEIVER = ? and STATUS = ? ) 
2020-04-11 19:44:08.886 DEBUG 2024 --- [http-nio-8887-exec-10] c.c.c.c.m.N.countByExample               : ==> Parameters: 1(Long), 0(Integer)
2020-04-11 19:44:08.886 DEBUG 2024 --- [http-nio-8887-exec-10] c.c.c.c.m.N.countByExample               : <==      Total: 1
2020-04-11 19:44:08.893 DEBUG 2024 --- [http-nio-8887-exec-2] c.c.c.c.m.UserMapper.selectByExample     : ==>  Preparing: select ID, ACCOUNT_ID, NAME, TOKEN, GMT_CREATE, GMT_MODIFIED, BIO, AVATAR_URL from USER WHERE ( TOKEN = ? ) 
2020-04-11 19:44:08.893 DEBUG 2024 --- [http-nio-8887-exec-2] c.c.c.c.m.UserMapper.selectByExample     : ==> Parameters: c8c1093a-b0d3-43ce-9a53-aedb2e0206ba(String)
2020-04-11 19:44:08.893 DEBUG 2024 --- [http-nio-8887-exec-2] c.c.c.c.m.UserMapper.selectByExample     : <==      Total: 1
2020-04-11 19:44:08.896 DEBUG 2024 --- [http-nio-8887-exec-4] c.c.c.c.m.UserMapper.selectByExample     : ==>  Preparing: select ID, ACCOUNT_ID, NAME, TOKEN, GMT_CREATE, GMT_MODIFIED, BIO, AVATAR_URL from USER WHERE ( TOKEN = ? ) 
2020-04-11 19:44:08.896 DEBUG 2024 --- [http-nio-8887-exec-4] c.c.c.c.m.UserMapper.selectByExample     : ==> Parameters: c8c1093a-b0d3-43ce-9a53-aedb2e0206ba(String)
2020-04-11 19:44:08.902 DEBUG 2024 --- [http-nio-8887-exec-4] c.c.c.c.m.UserMapper.selectByExample     : <==      Total: 1
2020-04-11 19:44:08.902 DEBUG 2024 --- [http-nio-8887-exec-4] c.c.c.c.m.N.countByExample               : ==>  Preparing: select count(*) from NOTIFICATION WHERE ( RECEIVER = ? and STATUS = ? ) 
2020-04-11 19:44:08.902 DEBUG 2024 --- [http-nio-8887-exec-4] c.c.c.c.m.N.countByExample               : ==> Parameters: 1(Long), 0(Integer)
2020-04-11 19:44:08.904 DEBUG 2024 --- [http-nio-8887-exec-4] c.c.c.c.m.N.countByExample               : <==      Total: 1
2020-04-11 19:44:08.904 DEBUG 2024 --- [http-nio-8887-exec-2] c.c.c.c.m.N.countByExample               : ==>  Preparing: select count(*) from NOTIFICATION WHERE ( RECEIVER = ? and STATUS = ? ) 
2020-04-11 19:44:08.904 DEBUG 2024 --- [http-nio-8887-exec-2] c.c.c.c.m.N.countByExample               : ==> Parameters: 1(Long), 0(Integer)
2020-04-11 19:44:08.907 DEBUG 2024 --- [http-nio-8887-exec-2] c.c.c.c.m.N.countByExample               : <==      Total: 1
2020-04-11 19:44:08.927 DEBUG 2024 --- [http-nio-8887-exec-7] c.c.c.c.m.UserMapper.selectByExample     : ==>  Preparing: select ID, ACCOUNT_ID, NAME, TOKEN, GMT_CREATE, GMT_MODIFIED, BIO, AVATAR_URL from USER WHERE ( TOKEN = ? ) 
2020-04-11 19:44:08.927 DEBUG 2024 --- [http-nio-8887-exec-7] c.c.c.c.m.UserMapper.selectByExample     : ==> Parameters: c8c1093a-b0d3-43ce-9a53-aedb2e0206ba(String)
2020-04-11 19:44:08.927 DEBUG 2024 --- [http-nio-8887-exec-7] c.c.c.c.m.UserMapper.selectByExample     : <==      Total: 1
2020-04-11 19:44:08.927 DEBUG 2024 --- [http-nio-8887-exec-7] c.c.c.c.m.N.countByExample               : ==>  Preparing: select count(*) from NOTIFICATION WHERE ( RECEIVER = ? and STATUS = ? ) 
2020-04-11 19:44:08.929 DEBUG 2024 --- [http-nio-8887-exec-7] c.c.c.c.m.N.countByExample               : ==> Parameters: 1(Long), 0(Integer)
2020-04-11 19:44:08.929 DEBUG 2024 --- [http-nio-8887-exec-7] c.c.c.c.m.N.countByExample               : <==      Total: 1
2020-04-11 19:44:08.932 DEBUG 2024 --- [http-nio-8887-exec-6] c.c.c.c.m.UserMapper.selectByExample     : ==>  Preparing: select ID, ACCOUNT_ID, NAME, TOKEN, GMT_CREATE, GMT_MODIFIED, BIO, AVATAR_URL from USER WHERE ( TOKEN = ? ) 
2020-04-11 19:44:08.932 DEBUG 2024 --- [http-nio-8887-exec-6] c.c.c.c.m.UserMapper.selectByExample     : ==> Parameters: c8c1093a-b0d3-43ce-9a53-aedb2e0206ba(String)
2020-04-11 19:44:08.934 DEBUG 2024 --- [http-nio-8887-exec-6] c.c.c.c.m.UserMapper.selectByExample     : <==      Total: 1
2020-04-11 19:44:08.934 DEBUG 2024 --- [http-nio-8887-exec-6] c.c.c.c.m.N.countByExample               : ==>  Preparing: select count(*) from NOTIFICATION WHERE ( RECEIVER = ? and STATUS = ? ) 
2020-04-11 19:44:08.937 DEBUG 2024 --- [http-nio-8887-exec-6] c.c.c.c.m.N.countByExample               : ==> Parameters: 1(Long), 0(Integer)
2020-04-11 19:44:08.937 DEBUG 2024 --- [http-nio-8887-exec-6] c.c.c.c.m.N.countByExample               : <==      Total: 1
2020-04-11 19:44:09.253 DEBUG 2024 --- [http-nio-8887-exec-1] c.c.c.c.m.UserMapper.selectByExample     : ==>  Preparing: select ID, ACCOUNT_ID, NAME, TOKEN, GMT_CREATE, GMT_MODIFIED, BIO, AVATAR_URL from USER WHERE ( TOKEN = ? ) 
2020-04-11 19:44:09.254 DEBUG 2024 --- [http-nio-8887-exec-1] c.c.c.c.m.UserMapper.selectByExample     : ==> Parameters: c8c1093a-b0d3-43ce-9a53-aedb2e0206ba(String)
2020-04-11 19:44:09.256 DEBUG 2024 --- [http-nio-8887-exec-1] c.c.c.c.m.UserMapper.selectByExample     : <==      Total: 1
2020-04-11 19:44:09.257 DEBUG 2024 --- [http-nio-8887-exec-1] c.c.c.c.m.N.countByExample               : ==>  Preparing: select count(*) from NOTIFICATION WHERE ( RECEIVER = ? and STATUS = ? ) 
2020-04-11 19:44:09.257 DEBUG 2024 --- [http-nio-8887-exec-1] c.c.c.c.m.N.countByExample               : ==> Parameters: 1(Long), 0(Integer)
2020-04-11 19:44:09.258 DEBUG 2024 --- [http-nio-8887-exec-1] c.c.c.c.m.N.countByExample               : <==      Total: 1
